[debug] [2024-06-04T09:41:00.151Z] ----------------------------------------------------------------------
[debug] [2024-06-04T09:41:00.153Z] Command:       C:\Program Files\nodejs\node.exe C:\Users\danii\AppData\Roaming\npm\node_modules\firebase-tools\lib\bin\firebase.js init
[debug] [2024-06-04T09:41:00.154Z] CLI Version:   13.10.2
[debug] [2024-06-04T09:41:00.154Z] Platform:      win32
[debug] [2024-06-04T09:41:00.154Z] Node Version:  v18.14.2
[debug] [2024-06-04T09:41:00.172Z] Time:          Tue Jun 04 2024 11:41:00 GMT+0200 (за центральноєвропейським літнім часом)
[debug] [2024-06-04T09:41:00.173Z] ----------------------------------------------------------------------
[debug] 
[debug] [2024-06-04T09:41:00.177Z] >>> [apiv2][query] GET https://firebase-public.firebaseio.com/cli.json [none]
[debug] [2024-06-04T09:41:00.278Z] > command requires scopes: ["email","openid","https://www.googleapis.com/auth/cloudplatformprojects.readonly","https://www.googleapis.com/auth/firebase","https://www.googleapis.com/auth/cloud-platform"]
[debug] [2024-06-04T09:41:00.279Z] > authorizing via signed-in user (daniilliubko@gmail.com)
[info] 
     ######## #### ########  ######## ########     ###     ######  ########
     ##        ##  ##     ## ##       ##     ##  ##   ##  ##       ##
     ######    ##  ########  ######   ########  #########  ######  ######
     ##        ##  ##    ##  ##       ##     ## ##     ##       ## ##
     ##       #### ##     ## ######## ########  ##     ##  ######  ########

You're about to initialize a Firebase project in this directory:

  C:\Users\danii\WebstormProjects\nuxt-admin

[debug] [2024-06-04T09:41:00.633Z] <<< [apiv2][status] GET https://firebase-public.firebaseio.com/cli.json 200
[debug] [2024-06-04T09:41:00.634Z] <<< [apiv2][body] GET https://firebase-public.firebaseio.com/cli.json {"cloudBuildErrorAfter":1594252800000,"cloudBuildWarnAfter":1590019200000,"defaultNode10After":1594252800000,"minVersion":"3.0.5","node8DeploysDisabledAfter":1613390400000,"node8RuntimeDisabledAfter":1615809600000,"node8WarnAfter":1600128000000}
[info] 
=== Project Setup
[info] 
[info] First, let's associate this project directory with a Firebase project.
[info] You can create multiple project aliases by running firebase use --add, 
[info] but for now we'll just set up a default project.
[info] 
[debug] [2024-06-04T09:43:07.388Z] > refreshing access token with scopes: []
[debug] [2024-06-04T09:43:07.390Z] >>> [apiv2][query] POST https://www.googleapis.com/oauth2/v3/token [none]
[debug] [2024-06-04T09:43:07.390Z] >>> [apiv2][body] POST https://www.googleapis.com/oauth2/v3/token [omitted]
[debug] [2024-06-04T09:43:07.532Z] <<< [apiv2][status] POST https://www.googleapis.com/oauth2/v3/token 200
[debug] [2024-06-04T09:43:07.532Z] <<< [apiv2][body] POST https://www.googleapis.com/oauth2/v3/token [omitted]
[debug] [2024-06-04T09:43:07.544Z] >>> [apiv2][query] GET https://firebase.googleapis.com/v1beta1/projects pageSize=100
[debug] [2024-06-04T09:43:08.027Z] <<< [apiv2][status] GET https://firebase.googleapis.com/v1beta1/projects 200
[debug] [2024-06-04T09:43:08.027Z] <<< [apiv2][body] GET https://firebase.googleapis.com/v1beta1/projects [omitted]
[info] i  Using project dyploma-project-801cb (dyploma-project) 
[info] 
=== Hosting Setup
[debug] [2024-06-04T09:43:09.512Z] >>> [apiv2][query] GET https://firebase.googleapis.com/v1beta1/projects/dyploma-project-801cb [none]
[debug] [2024-06-04T09:43:09.813Z] <<< [apiv2][status] GET https://firebase.googleapis.com/v1beta1/projects/dyploma-project-801cb 200
[debug] [2024-06-04T09:43:09.813Z] <<< [apiv2][body] GET https://firebase.googleapis.com/v1beta1/projects/dyploma-project-801cb {"projectId":"dyploma-project-801cb","projectNumber":"213261573178","displayName":"dyploma-project","name":"projects/dyploma-project-801cb","resources":{"hostingSite":"dyploma-project-801cb"},"state":"ACTIVE","etag":"1_7926d957-6a36-4d9d-b65a-eb537621b02d"}
[info] 
[info] Your public directory is the folder (relative to your project directory) that
[info] will contain Hosting assets to be uploaded with firebase deploy. If you
[info] have a build process for your assets, use your build's output directory.
[info] 
